[17:47:24] [main/INFO] (FabricLoader/GameProvider) Loading Minecraft 1.21.8 with Fabric Loader 0.16.14
[17:47:24] [main/INFO] (FabricLoader) Loading 49 mods:
	- fabric-api 0.130.0+1.21.8
	- fabric-api-base 0.4.64+9ec45cd82c
	- fabric-api-lookup-api-v1 1.6.100+946bf4c32c
	- fabric-biome-api-v1 16.0.11+946bf4c32c
	- fabric-block-api-v1 1.1.3+946bf4c32c
	- fabric-block-view-api-v2 1.0.31+946bf4c32c
	- fabric-client-gametest-api-v1 4.2.5+8a98c3fc2c
	- fabric-command-api-v2 2.3.0+52fff9ec2c
	- fabric-content-registries-v0 10.0.18+946bf4c32c
	- fabric-convention-tags-v1 2.1.40+7f945d5b2c
	- fabric-convention-tags-v2 2.15.5+eb5df52f2c
	- fabric-crash-report-info-v1 0.3.15+946bf4c32c
	- fabric-data-attachment-api-v1 1.8.10+946bf4c32c
	- fabric-data-generation-api-v1 23.2.5+9fc9c3b12c
	- fabric-dimensions-v1 4.0.19+946bf4c32c
	- fabric-entity-events-v1 2.1.1+c9e472732c
	- fabric-events-interaction-v0 4.0.23+946bf4c32c
	- fabric-game-rule-api-v1 1.0.73+c64c9c5b2c
	- fabric-gametest-api-v1 3.1.9+39ce47f52c
	- fabric-item-api-v1 11.4.3+946bf4c32c
	- fabric-item-group-api-v1 4.2.13+946bf4c32c
	- fabric-key-binding-api-v1 1.0.65+946bf4c32c
	- fabric-lifecycle-events-v1 2.6.3+db4dfd852c
	- fabric-loot-api-v2 3.0.55+3f89f5a52c
	- fabric-loot-api-v3 2.0.2+946bf4c32c
	- fabric-message-api-v1 6.1.1+946bf4c32c
	- fabric-model-loading-api-v1 5.2.5+946bf4c32c
	- fabric-networking-api-v1 5.0.1+946bf4c32c
	- fabric-object-builder-api-v1 21.1.7+946bf4c32c
	- fabric-particles-v1 4.1.7+946bf4c32c
	- fabric-recipe-api-v1 8.1.14+946bf4c32c
	- fabric-registry-sync-v0 6.1.27+946bf4c32c
	- fabric-renderer-api-v1 7.0.2+946bf4c32c
	- fabric-renderer-indigo 4.0.2+946bf4c32c
	- fabric-rendering-fluids-v1 3.1.30+fa6cb72b2c
	- fabric-rendering-v1 12.4.0+e8d43c762c
	- fabric-resource-conditions-api-v1 5.0.24+946bf4c32c
	- fabric-resource-loader-v0 3.1.11+946bf4c32c
	- fabric-screen-api-v1 2.1.0+277ecf7d2c
	- fabric-screen-handler-api-v1 1.3.136+946bf4c32c
	- fabric-sound-api-v1 1.0.42+946bf4c32c
	- fabric-tag-api-v1 1.2.1+946bf4c32c
	- fabric-transfer-api-v1 6.0.5+946bf4c32c
	- fabric-transitive-access-wideners-v1 6.4.1+ac3e15d12c
	- fabricloader 0.16.14
	- java 21
	- manifold 7.49-MC1.21.8
	- minecraft 1.21.8
	- mixinextras 0.4.1
[17:47:24] [main/INFO] (FabricLoader/Mixin) SpongePowered MIXIN Subsystem Version=0.8.7 Source=file:/C:/Users/sun80/.gradle/caches/modules-2/files-2.1/net.fabricmc/sponge-mixin/0.15.5+mixin.0.8.7/22f9eb729e216a091673a574a5906dc1b9027fb3/sponge-mixin-0.15.5+mixin.0.8.7.jar Service=Knot/Fabric Env=CLIENT
[17:47:24] [main/INFO] (FabricLoader/Mixin) Loaded Fabric development mappings for mixin remapper!
[17:47:24] [main/INFO] (FabricLoader/Mixin) Compatibility level set to JAVA_21
[17:47:25] [main/WARN] (FabricLoader/Mixin) Error loading class: net/caffeinemc/mods/sodium/client/render/chunk/compile/pipeline/BlockOcclusionCache (java.lang.ClassNotFoundException: net/caffeinemc/mods/sodium/client/render/chunk/compile/pipeline/BlockOcclusionCache)
[17:47:25] [main/WARN] (FabricLoader/Mixin) Error loading class: net/caffeinemc/mods/sodium/client/render/chunk/compile/pipeline/DefaultFluidRenderer (java.lang.ClassNotFoundException: net/caffeinemc/mods/sodium/client/render/chunk/compile/pipeline/DefaultFluidRenderer)
[17:47:25] [main/INFO] (FabricLoader/MixinExtras|Service) Initializing MixinExtras via com.llamalad7.mixinextras.service.MixinExtrasServiceImpl(version=0.4.1).
[17:47:26] [Datafixer Bootstrap/INFO] (Minecraft) 269 Datafixer optimizations took 517 milliseconds
[17:47:32] [Render thread/INFO] (Minecraft) Environment: Environment[sessionHost=https://sessionserver.mojang.com, servicesHost=https://api.minecraftservices.com, name=PROD]
[17:47:32] [Render thread/INFO] (Minecraft) Setting user: Player237
[17:47:32] [Render thread/INFO] (Minecraft) [STDOUT]: Starting maniFold Client...
[17:47:32] [Render thread/INFO] (Minecraft) [STDOUT]: Generating RSA keypair.
[17:47:32] [Render thread/INFO] (Minecraft) [STDOUT]: Generating AES key.
[17:47:32] [Render thread/INFO] (Indigo) [Indigo] Registering Indigo renderer!
[17:47:33] [Render thread/INFO] (Minecraft) Backend library: LWJGL version 3.3.3-snapshot
[17:47:33] [Render thread/INFO] (Minecraft) Using optional rendering extensions: GL_ARB_buffer_storage, GL_KHR_debug, GL_ARB_vertex_attrib_binding, GL_ARB_direct_state_access
[17:47:34] [Render thread/INFO] (Minecraft) Reloading ResourceManager: vanilla, fabric, fabric-api, fabric-api-base, fabric-api-lookup-api-v1, fabric-biome-api-v1, fabric-block-api-v1, fabric-block-view-api-v2, fabric-client-gametest-api-v1, fabric-command-api-v2, fabric-content-registries-v0, fabric-convention-tags-v1, fabric-convention-tags-v2, fabric-crash-report-info-v1, fabric-data-attachment-api-v1, fabric-data-generation-api-v1, fabric-dimensions-v1, fabric-entity-events-v1, fabric-events-interaction-v0, fabric-game-rule-api-v1, fabric-gametest-api-v1, fabric-item-api-v1, fabric-item-group-api-v1, fabric-key-binding-api-v1, fabric-lifecycle-events-v1, fabric-loot-api-v2, fabric-loot-api-v3, fabric-message-api-v1, fabric-model-loading-api-v1, fabric-networking-api-v1, fabric-object-builder-api-v1, fabric-particles-v1, fabric-recipe-api-v1, fabric-registry-sync-v0, fabric-renderer-api-v1, fabric-renderer-indigo, fabric-rendering-fluids-v1, fabric-rendering-v1, fabric-resource-conditions-api-v1, fabric-resource-loader-v0, fabric-screen-api-v1, fabric-screen-handler-api-v1, fabric-sound-api-v1, fabric-tag-api-v1, fabric-transfer-api-v1, fabric-transitive-access-wideners-v1, fabricloader, manifold
[17:47:34] [Worker-Main-10/INFO] (Minecraft) Found unifont_pua-16.0.03.hex, loading
[17:47:34] [Worker-Main-9/INFO] (Minecraft) Found unifont_all_no_pua-16.0.03.hex, loading
[17:47:34] [Worker-Main-7/INFO] (Minecraft) Found unifont_jp_patch-16.0.03.hex, loading
[17:47:34] [Worker-Main-6/ERROR] (Minecraft) Failed to parse post chain at manifold:post_effect/lsd.json
com.google.gson.JsonSyntaxException: Not a valid resource location: maniFold:post/lsd Non [a-z0-9_.-] character in namespace of location: maniFold:post/lsd
	at knot/com.mojang.serialization.DataResult$Error.getOrThrow(DataResult.java:287) ~[datafixerupper-8.0.16.jar:?]
	at knot/net.minecraft.client.gl.ShaderLoader.loadPostEffect(ShaderLoader.java:178) ~[minecraft-merged-aae18332e7-1.21.8-net.fabricmc.yarn.1_21_8.1.21.8+build.1-v2.jar:?]
	at knot/net.minecraft.client.gl.ShaderLoader.prepare(ShaderLoader.java:78) ~[minecraft-merged-aae18332e7-1.21.8-net.fabricmc.yarn.1_21_8.1.21.8+build.1-v2.jar:?]
	at knot/net.minecraft.client.gl.ShaderLoader.prepare(ShaderLoader.java) ~[minecraft-merged-aae18332e7-1.21.8-net.fabricmc.yarn.1_21_8.1.21.8+build.1-v2.jar:?]
	at knot/net.minecraft.resource.SinglePreparationResourceReloader.method_18791(SinglePreparationResourceReloader.java:18) ~[minecraft-merged-aae18332e7-1.21.8-net.fabricmc.yarn.1_21_8.1.21.8+build.1-v2.jar:?]
	at java.base/java.util.concurrent.CompletableFuture$AsyncSupply.run(CompletableFuture.java:1768) ~[?:?]
	at knot/net.minecraft.resource.SimpleResourceReload.method_67576(SimpleResourceReload.java:83) ~[minecraft-merged-aae18332e7-1.21.8-net.fabricmc.yarn.1_21_8.1.21.8+build.1-v2.jar:?]
	at java.base/java.util.concurrent.ForkJoinTask$RunnableExecuteAction.exec(ForkJoinTask.java:1423) [?:?]
	at java.base/java.util.concurrent.ForkJoinTask.doExec(ForkJoinTask.java:387) [?:?]
	at java.base/java.util.concurrent.ForkJoinPool$WorkQueue.topLevelExec(ForkJoinPool.java:1312) [?:?]
	at java.base/java.util.concurrent.ForkJoinPool.scan(ForkJoinPool.java:1843) [?:?]
	at java.base/java.util.concurrent.ForkJoinPool.runWorker(ForkJoinPool.java:1808) [?:?]
	at java.base/java.util.concurrent.ForkJoinWorkerThread.run(ForkJoinWorkerThread.java:188) [?:?]
[17:47:35] [Render thread/INFO] (Minecraft) OpenAL initialized on device OpenAL Soft on LC34G55T(NVIDIA High Definition Audio)
[17:47:35] [Render thread/INFO] (Minecraft) Sound engine started
[17:47:36] [Render thread/INFO] (Minecraft) Created: 1024x512x4 minecraft:textures/atlas/blocks.png-atlas
[17:47:36] [Render thread/INFO] (Minecraft) Created: 256x256x4 minecraft:textures/atlas/signs.png-atlas
[17:47:36] [Render thread/INFO] (Minecraft) Created: 512x512x4 minecraft:textures/atlas/banner_patterns.png-atlas
[17:47:36] [Render thread/INFO] (Minecraft) Created: 512x512x4 minecraft:textures/atlas/shield_patterns.png-atlas
[17:47:36] [Render thread/INFO] (Minecraft) Created: 2048x1024x4 minecraft:textures/atlas/armor_trims.png-atlas
[17:47:36] [Render thread/INFO] (Minecraft) Created: 256x256x4 minecraft:textures/atlas/chest.png-atlas
[17:47:36] [Render thread/INFO] (Minecraft) Created: 128x64x4 minecraft:textures/atlas/decorated_pot.png-atlas
[17:47:36] [Render thread/INFO] (Minecraft) Created: 512x256x4 minecraft:textures/atlas/beds.png-atlas
[17:47:36] [Render thread/INFO] (Minecraft) Created: 512x256x4 minecraft:textures/atlas/shulker_boxes.png-atlas
[17:47:36] [Render thread/INFO] (Minecraft) Created: 64x64x0 minecraft:textures/atlas/map_decorations.png-atlas
[17:47:36] [Render thread/INFO] (Minecraft) Created: 512x256x0 minecraft:textures/atlas/particles.png-atlas
[17:47:36] [Render thread/INFO] (Minecraft) Created: 512x256x0 minecraft:textures/atlas/paintings.png-atlas
[17:47:36] [Render thread/INFO] (Minecraft) Created: 1024x512x0 minecraft:textures/atlas/gui.png-atlas
[17:47:56] [Render thread/INFO] (Minecraft) Loaded 1407 recipes
[17:47:56] [Render thread/INFO] (Minecraft) Loaded 1520 advancements
[17:48:09] [Render thread/INFO] (BiomeModificationImpl) Applied 0 biome modifications to 0 of 65 new biomes in 1.886 ms
[17:48:09] [Server thread/INFO] (Minecraft) Starting integrated minecraft server version 1.21.8
[17:48:09] [Server thread/INFO] (Minecraft) Generating keypair
[17:48:12] [Server thread/INFO] (Minecraft) Preparing start region for dimension minecraft:overworld
[17:48:12] [Render thread/INFO] (Minecraft) Preparing spawn area: 2%
[17:48:13] [Render thread/INFO] (Minecraft) Preparing spawn area: 2%
[17:48:13] [Render thread/INFO] (Minecraft) Preparing spawn area: 18%
[17:48:14] [Render thread/INFO] (Minecraft) Preparing spawn area: 42%
[17:48:14] [Render thread/INFO] (Minecraft) Preparing spawn area: 51%
[17:48:14] [Render thread/INFO] (Minecraft) Time elapsed: 2149 ms
[17:48:14] [Server thread/INFO] (Minecraft) Changing view distance to 12, from 10
[17:48:14] [Server thread/INFO] (Minecraft) Changing simulation distance to 12, from 0
[17:48:15] [Server thread/INFO] (Minecraft) Player237[local:E:3db764b7] logged in with entity id 12 at (-42.5, 69.0, -21.5)
[17:48:15] [Server thread/INFO] (Minecraft) Player237 joined the game
[17:48:15] [Render thread/INFO] (Minecraft) Loaded 2 advancements
[17:48:15] [Render thread/INFO] (Minecraft) Resizing Dynamic Transforms UBO, capacity limit of 2 reached during a single frame. New capacity will be 4.
[17:48:15] [Render thread/INFO] (Minecraft) Resizing Dynamic Transforms UBO, capacity limit of 4 reached during a single frame. New capacity will be 8.
[17:48:16] [Render thread/INFO] (Minecraft) [STDERR]: [maniFold] Failed to load capes from maniFoldclient.net!
[17:48:16] [Render thread/INFO] (Minecraft) [STDERR]: java.net.UnknownHostException: www.maniFoldclient.net
[17:48:16] [Render thread/INFO] (Minecraft) [STDERR]: 	at java.base/sun.nio.ch.NioSocketImpl.connect(NioSocketImpl.java:567)
[17:48:16] [Render thread/INFO] (Minecraft) [STDERR]: 	at java.base/java.net.SocksSocketImpl.connect(SocksSocketImpl.java:327)
[17:48:16] [Render thread/INFO] (Minecraft) [STDERR]: 	at java.base/java.net.Socket.connect(Socket.java:751)
[17:48:16] [Render thread/INFO] (Minecraft) [STDERR]: 	at java.base/sun.security.ssl.SSLSocketImpl.connect(SSLSocketImpl.java:304)
[17:48:16] [Render thread/INFO] (Minecraft) [STDERR]: 	at java.base/sun.security.ssl.BaseSSLSocketImpl.connect(BaseSSLSocketImpl.java:181)
[17:48:16] [Render thread/INFO] (Minecraft) [STDERR]: 	at java.base/sun.net.NetworkClient.doConnect(NetworkClient.java:183)
[17:48:16] [Render thread/INFO] (Minecraft) [STDERR]: 	at java.base/sun.net.www.http.HttpClient.openServer(HttpClient.java:531)
[17:48:16] [Render thread/INFO] (Minecraft) [STDERR]: 	at java.base/sun.net.www.http.HttpClient.openServer(HttpClient.java:636)
[17:48:16] [Render thread/INFO] (Minecraft) [STDERR]: 	at java.base/sun.net.www.protocol.https.HttpsClient.<init>(HttpsClient.java:264)
[17:48:16] [Render thread/INFO] (Minecraft) [STDERR]: 	at java.base/sun.net.www.protocol.https.HttpsClient.New(HttpsClient.java:377)
[17:48:16] [Render thread/INFO] (Minecraft) [STDERR]: 	at java.base/sun.net.www.protocol.https.AbstractDelegateHttpsURLConnection.getNewHttpClient(AbstractDelegateHttpsURLConnection.java:193)
[17:48:16] [Render thread/INFO] (Minecraft) [STDERR]: 	at java.base/sun.net.www.protocol.http.HttpURLConnection.plainConnect0(HttpURLConnection.java:1253)
[17:48:16] [Render thread/INFO] (Minecraft) [STDERR]: 	at java.base/sun.net.www.protocol.http.HttpURLConnection.plainConnect(HttpURLConnection.java:1139)
[17:48:16] [Render thread/INFO] (Minecraft) [STDERR]: 	at java.base/sun.net.www.protocol.https.AbstractDelegateHttpsURLConnection.connect(AbstractDelegateHttpsURLConnection.java:179)
[17:48:16] [Render thread/INFO] (Minecraft) [STDERR]: 	at java.base/sun.net.www.protocol.http.HttpURLConnection.getInputStream0(HttpURLConnection.java:1691)
[17:48:16] [Render thread/INFO] (Minecraft) [STDERR]: 	at java.base/sun.net.www.protocol.http.HttpURLConnection.getInputStream(HttpURLConnection.java:1615)
[17:48:16] [Render thread/INFO] (Minecraft) [STDERR]: 	at java.base/sun.net.www.protocol.https.HttpsURLConnectionImpl.getInputStream(HttpsURLConnectionImpl.java:223)
[17:48:16] [Render thread/INFO] (Minecraft) [STDERR]: 	at java.base/java.net.URL.openStream(URL.java:1325)
[17:48:16] [Render thread/INFO] (Minecraft) [STDERR]: 	at knot//net.maniFoldclient.util.json.JsonUtils.parseURL(JsonUtils.java:69)
[17:48:16] [Render thread/INFO] (Minecraft) [STDERR]: 	at knot//net.maniFoldclient.util.json.JsonUtils.parseURLToObject(JsonUtils.java:93)
[17:48:16] [Render thread/INFO] (Minecraft) [STDERR]: 	at knot//net.minecraft.client.texture.PlayerSkinProvider.setupmaniFoldCapes(PlayerSkinProvider.java:597)
[17:48:16] [Render thread/INFO] (Minecraft) [STDERR]: 	at knot//net.minecraft.client.texture.PlayerSkinProvider.handler$bbf000$manifold$onFetchSkinTextures(PlayerSkinProvider.java:552)
[17:48:16] [Render thread/INFO] (Minecraft) [STDERR]: 	at knot//net.minecraft.client.texture.PlayerSkinProvider.fetchSkinTextures(PlayerSkinProvider.java)
[17:48:16] [Render thread/INFO] (Minecraft) [STDERR]: 	at knot//net.minecraft.client.texture.PlayerSkinProvider$1.method_52866(PlayerSkinProvider.java:66)
[17:48:16] [Render thread/INFO] (Minecraft) [STDERR]: 	at java.base/java.util.concurrent.CompletableFuture$UniCompose.tryFire(CompletableFuture.java:1150)
[17:48:16] [Render thread/INFO] (Minecraft) [STDERR]: 	at java.base/java.util.concurrent.CompletableFuture$Completion.run(CompletableFuture.java:482)
[17:48:16] [Render thread/INFO] (Minecraft) [STDERR]: 	at knot//net.minecraft.util.thread.ThreadExecutor.executeTask(ThreadExecutor.java:144)
[17:48:16] [Render thread/INFO] (Minecraft) [STDERR]: 	at knot//net.minecraft.util.thread.ReentrantThreadExecutor.executeTask(ReentrantThreadExecutor.java:24)
[17:48:16] [Render thread/INFO] (Minecraft) [STDERR]: 	at knot//net.minecraft.util.thread.ThreadExecutor.runTask(ThreadExecutor.java:118)
[17:48:16] [Render thread/INFO] (Minecraft) [STDERR]: 	at knot//net.minecraft.util.thread.ThreadExecutor.runTasks(ThreadExecutor.java:107)
[17:48:16] [Render thread/INFO] (Minecraft) [STDERR]: 	at knot//net.minecraft.client.MinecraftClient.render(MinecraftClient.java:1326)
[17:48:16] [Render thread/INFO] (Minecraft) [STDERR]: 	at knot//net.minecraft.client.MinecraftClient.run(MinecraftClient.java:962)
[17:48:16] [Render thread/INFO] (Minecraft) [STDERR]: 	at knot//net.minecraft.client.main.Main.main(Main.java:239)
[17:48:16] [Render thread/INFO] (Minecraft) [STDERR]: 	at net.fabricmc.loader.impl.game.minecraft.MinecraftGameProvider.launch(MinecraftGameProvider.java:480)
[17:48:16] [Render thread/INFO] (Minecraft) [STDERR]: 	at net.fabricmc.loader.impl.launch.knot.Knot.launch(Knot.java:74)
[17:48:16] [Render thread/INFO] (Minecraft) [STDERR]: 	at net.fabricmc.loader.impl.launch.knot.KnotClient.main(KnotClient.java:23)
[17:48:16] [Render thread/INFO] (Minecraft) [STDERR]: 	at net.fabricmc.devlaunchinjector.Main.main(Main.java:86)
[17:48:16] [Render thread/INFO] (Minecraft) Resizing Dynamic Transforms UBO, capacity limit of 8 reached during a single frame. New capacity will be 16.
[17:48:16] [Render thread/INFO] (Minecraft) Resizing Dynamic Transforms UBO, capacity limit of 16 reached during a single frame. New capacity will be 32.
[17:48:16] [Render thread/INFO] (Minecraft) [STDOUT]: Brightness started at 0.5
[17:48:16] [Render thread/INFO] (Minecraft) Resizing Dynamic Transforms UBO, capacity limit of 32 reached during a single frame. New capacity will be 64.
[17:48:16] [maniFoldUpdater/INFO] (Minecraft) [STDERR]: [Updater] An error occurred!
[17:48:16] [maniFoldUpdater/INFO] (Minecraft) [STDERR]: java.io.FileNotFoundException: https://api.github.com/repos/maniFold-Imperium/maniFold-MCX2/releases
[17:48:16] [maniFoldUpdater/INFO] (Minecraft) [STDERR]: 	at java.base/sun.net.www.protocol.http.HttpURLConnection.getInputStream0(HttpURLConnection.java:2010)
[17:48:16] [maniFoldUpdater/INFO] (Minecraft) [STDERR]: 	at java.base/sun.net.www.protocol.http.HttpURLConnection.getInputStream(HttpURLConnection.java:1615)
[17:48:16] [maniFoldUpdater/INFO] (Minecraft) [STDERR]: 	at java.base/sun.net.www.protocol.https.HttpsURLConnectionImpl.getInputStream(HttpsURLConnectionImpl.java:223)
[17:48:16] [maniFoldUpdater/INFO] (Minecraft) [STDERR]: 	at java.base/java.net.URL.openStream(URL.java:1325)
[17:48:16] [maniFoldUpdater/INFO] (Minecraft) [STDERR]: 	at knot//net.maniFoldclient.util.json.JsonUtils.parseURL(JsonUtils.java:69)
[17:48:16] [maniFoldUpdater/INFO] (Minecraft) [STDERR]: 	at knot//net.maniFoldclient.util.json.JsonUtils.parseURLToArray(JsonUtils.java:87)
[17:48:16] [maniFoldUpdater/INFO] (Minecraft) [STDERR]: 	at knot//net.maniFoldclient.update.maniFoldUpdater.checkForUpdates(maniFoldUpdater.java:57)
[17:48:16] [maniFoldUpdater/INFO] (Minecraft) [STDERR]: 	at java.base/java.lang.Thread.run(Thread.java:1583)
[17:48:16] [Render thread/INFO] (Minecraft) [System] [CHAT] §c[§6maniFold§c]§r An error occurred while checking for updates. Click §nhere§r to check manually.
[17:48:16] [Render thread/INFO] (Minecraft) Resizing Dynamic Transforms UBO, capacity limit of 64 reached during a single frame. New capacity will be 128.
[17:48:17] [Render thread/INFO] (Minecraft) Resizing Dynamic Transforms UBO, capacity limit of 128 reached during a single frame. New capacity will be 256.
[17:48:19] [Render thread/INFO] (Minecraft) Resizing Dynamic Transforms UBO, capacity limit of 256 reached during a single frame. New capacity will be 512.
[17:48:21] [Server thread/INFO] (Minecraft) [Player237: Gamerule doDaylightCycle is now set to: false]
[17:48:21] [Render thread/INFO] (Minecraft) [System] [CHAT] Gamerule doDaylightCycle is now set to: false
[17:48:23] [Render thread/INFO] (Minecraft) Resizing Dynamic Transforms UBO, capacity limit of 512 reached during a single frame. New capacity will be 1024.
[17:48:28] [Server thread/INFO] (Minecraft) [Player237: Gamerule doWeatherCycle is now set to: false]
[17:48:28] [Render thread/INFO] (Minecraft) [System] [CHAT] Gamerule doWeatherCycle is now set to: false
[17:48:29] [Render thread/INFO] (Minecraft) Resizing Dynamic Transforms UBO, capacity limit of 1024 reached during a single frame. New capacity will be 2048.
[17:48:30] [Server thread/INFO] (Minecraft) [Player237: Set the time to 1000]
[17:48:30] [Render thread/INFO] (Minecraft) [System] [CHAT] Set the time to 1000
[17:48:35] [Server thread/INFO] (Minecraft) Saving and pausing game...
[17:48:35] [Server thread/INFO] (Minecraft) Saving chunks for level 'ServerLevel[New World]'/minecraft:overworld
[17:48:35] [Server thread/INFO] (Minecraft) Saving chunks for level 'ServerLevel[New World]'/minecraft:the_nether
[17:48:35] [Server thread/INFO] (Minecraft) Saving chunks for level 'ServerLevel[New World]'/minecraft:the_end
[17:49:01] [Render thread/INFO] (Minecraft) [System] [CHAT] §c[§6maniFold§c]§r Total: 52 commands
[17:49:01] [Render thread/INFO] (Minecraft) [System] [CHAT] §c[§6maniFold§c]§r Command list (page 1/7)
[17:49:01] [Render thread/INFO] (Minecraft) [System] [CHAT] §c[§6maniFold§c]§r - .addalt
[17:49:01] [Render thread/INFO] (Minecraft) [System] [CHAT] §c[§6maniFold§c]§r - .annoy
[17:49:01] [Render thread/INFO] (Minecraft) [System] [CHAT] §c[§6maniFold§c]§r - .author
[17:49:01] [Render thread/INFO] (Minecraft) [System] [CHAT] §c[§6maniFold§c]§r - .bind
[17:49:01] [Render thread/INFO] (Minecraft) [System] [CHAT] §c[§6maniFold§c]§r - .binds
[17:49:01] [Render thread/INFO] (Minecraft) [System] [CHAT] §c[§6maniFold§c]§r - .blink
[17:49:01] [Render thread/INFO] (Minecraft) [System] [CHAT] §c[§6maniFold§c]§r - .blocklist
[17:49:01] [Render thread/INFO] (Minecraft) [System] [CHAT] §c[§6maniFold§c]§r - .clear
[17:49:05] [Render thread/INFO] (Minecraft) Stopping!
[17:49:06] [Server thread/INFO] (Minecraft) Player237 lost connection: Disconnected
[17:49:06] [Server thread/INFO] (Minecraft) Player237 left the game
[17:49:06] [Server thread/INFO] (Minecraft) Stopping singleplayer server as player logged out
[17:49:06] [Server thread/INFO] (Minecraft) Stopping server
[17:49:06] [Server thread/INFO] (Minecraft) Saving players
[17:49:06] [Server thread/INFO] (Minecraft) Saving worlds
[17:49:06] [Server thread/INFO] (Minecraft) Saving chunks for level 'ServerLevel[New World]'/minecraft:overworld
[17:49:09] [Server thread/INFO] (Minecraft) Saving chunks for level 'ServerLevel[New World]'/minecraft:the_nether
[17:49:09] [Server thread/INFO] (Minecraft) Saving chunks for level 'ServerLevel[New World]'/minecraft:the_end
[17:49:09] [Server thread/INFO] (Minecraft) ThreadedAnvilChunkStorage (New World): All chunks are saved
[17:49:09] [Server thread/INFO] (Minecraft) ThreadedAnvilChunkStorage (DIM-1): All chunks are saved
[17:49:09] [Server thread/INFO] (Minecraft) ThreadedAnvilChunkStorage (DIM1): All chunks are saved
[17:49:09] [Server thread/INFO] (Minecraft) ThreadedAnvilChunkStorage: All dimensions are saved
